Copyright 1986-2022 Xilinx, Inc. All Rights Reserved.
---------------------------------------------------------------------------------------------------------------------------------------------------------------------------------------------------------------------------
| Tool Version : Vivado v.2022.2 (win64) Build 3671981 Fri Oct 14 05:00:03 MDT 2022
| Date         : Wed May  3 17:55:32 2023
| Host         : Roys_MacBook running 64-bit major release  (build 9200)
| Command      : report_timing_summary -max_paths 10 -report_unconstrained -file L3P1_Buses_timing_summary_routed.rpt -pb L3P1_Buses_timing_summary_routed.pb -rpx L3P1_Buses_timing_summary_routed.rpx -warn_on_violation
| Design       : L3P1_Buses
| Device       : 7a35t-cpg236
| Speed File   : -1  PRODUCTION 1.23 2018-06-13
---------------------------------------------------------------------------------------------------------------------------------------------------------------------------------------------------------------------------

Timing Summary Report

------------------------------------------------------------------------------------------------
| Timer Settings
| --------------
------------------------------------------------------------------------------------------------

  Enable Multi Corner Analysis               :  Yes
  Enable Pessimism Removal                   :  Yes
  Pessimism Removal Resolution               :  Nearest Common Node
  Enable Input Delay Default Clock           :  No
  Enable Preset / Clear Arcs                 :  No
  Disable Flight Delays                      :  No
  Ignore I/O Paths                           :  No
  Timing Early Launch at Borrowing Latches   :  No
  Borrow Time for Max Delay Exceptions       :  Yes
  Merge Timing Exceptions                    :  Yes

  Corner  Analyze    Analyze    
  Name    Max Paths  Min Paths  
  ------  ---------  ---------  
  Slow    Yes        Yes        
  Fast    Yes        Yes        


------------------------------------------------------------------------------------------------
| Report Methodology
| ------------------
------------------------------------------------------------------------------------------------

No report available as report_methodology has not been run prior. Run report_methodology on the current design for the summary of methodology violations.



check_timing report

Table of Contents
-----------------
1. checking no_clock (0)
2. checking constant_clock (0)
3. checking pulse_width_clock (0)
4. checking unconstrained_internal_endpoints (0)
5. checking no_input_delay (0)
6. checking no_output_delay (0)
7. checking multiple_clock (0)
8. checking generated_clocks (0)
9. checking loops (0)
10. checking partial_input_delay (0)
11. checking partial_output_delay (0)
12. checking latch_loops (0)

1. checking no_clock (0)
------------------------
 There are 0 register/latch pins with no clock.


2. checking constant_clock (0)
------------------------------
 There are 0 register/latch pins with constant_clock.


3. checking pulse_width_clock (0)
---------------------------------
 There are 0 register/latch pins which need pulse_width check


4. checking unconstrained_internal_endpoints (0)
------------------------------------------------
 There are 0 pins that are not constrained for maximum delay.

 There are 0 pins that are not constrained for maximum delay due to constant clock.


5. checking no_input_delay (0)
------------------------------
 There are 0 input ports with no input delay specified.

 There are 0 input ports with no input delay but user has a false path constraint.


6. checking no_output_delay (0)
-------------------------------
 There are 0 ports with no output delay specified.

 There are 0 ports with no output delay but user has a false path constraint

 There are 0 ports with no output delay but with a timing clock defined on it or propagating through it


7. checking multiple_clock (0)
------------------------------
 There are 0 register/latch pins with multiple clocks.


8. checking generated_clocks (0)
--------------------------------
 There are 0 generated clocks that are not connected to a clock source.


9. checking loops (0)
---------------------
 There are 0 combinational loops in the design.


10. checking partial_input_delay (0)
------------------------------------
 There are 0 input ports with partial input delay specified.


11. checking partial_output_delay (0)
-------------------------------------
 There are 0 ports with partial output delay specified.


12. checking latch_loops (0)
----------------------------
 There are 0 combinational latch loops in the design through latch input



------------------------------------------------------------------------------------------------
| Design Timing Summary
| ---------------------
------------------------------------------------------------------------------------------------

    WNS(ns)      TNS(ns)  TNS Failing Endpoints  TNS Total Endpoints      WHS(ns)      THS(ns)  THS Failing Endpoints  THS Total Endpoints     WPWS(ns)     TPWS(ns)  TPWS Failing Endpoints  TPWS Total Endpoints  
    -------      -------  ---------------------  -------------------      -------      -------  ---------------------  -------------------     --------     --------  ----------------------  --------------------  
        inf        0.000                      0                    3          inf        0.000                      0                    3           NA           NA                      NA                    NA  


There are no user specified timing constraints.


------------------------------------------------------------------------------------------------
| Clock Summary
| -------------
------------------------------------------------------------------------------------------------


------------------------------------------------------------------------------------------------
| Intra Clock Table
| -----------------
------------------------------------------------------------------------------------------------

Clock             WNS(ns)      TNS(ns)  TNS Failing Endpoints  TNS Total Endpoints      WHS(ns)      THS(ns)  THS Failing Endpoints  THS Total Endpoints     WPWS(ns)     TPWS(ns)  TPWS Failing Endpoints  TPWS Total Endpoints  
-----             -------      -------  ---------------------  -------------------      -------      -------  ---------------------  -------------------     --------     --------  ----------------------  --------------------  


------------------------------------------------------------------------------------------------
| Inter Clock Table
| -----------------
------------------------------------------------------------------------------------------------

From Clock    To Clock          WNS(ns)      TNS(ns)  TNS Failing Endpoints  TNS Total Endpoints      WHS(ns)      THS(ns)  THS Failing Endpoints  THS Total Endpoints  
----------    --------          -------      -------  ---------------------  -------------------      -------      -------  ---------------------  -------------------  


------------------------------------------------------------------------------------------------
| Other Path Groups Table
| -----------------------
------------------------------------------------------------------------------------------------

Path Group    From Clock    To Clock          WNS(ns)      TNS(ns)  TNS Failing Endpoints  TNS Total Endpoints      WHS(ns)      THS(ns)  THS Failing Endpoints  THS Total Endpoints  
----------    ----------    --------          -------      -------  ---------------------  -------------------      -------      -------  ---------------------  -------------------  


------------------------------------------------------------------------------------------------
| User Ignored Path Table
| -----------------------
------------------------------------------------------------------------------------------------

Path Group    From Clock    To Clock    
----------    ----------    --------    


------------------------------------------------------------------------------------------------
| Unconstrained Path Table
| ------------------------
------------------------------------------------------------------------------------------------

Path Group    From Clock    To Clock    
----------    ----------    --------    
(none)                                    


------------------------------------------------------------------------------------------------
| Timing Details
| --------------
------------------------------------------------------------------------------------------------


--------------------------------------------------------------------------------------
Path Group:  (none)
From Clock:  
  To Clock:  

Max Delay             3 Endpoints
Min Delay             3 Endpoints
--------------------------------------------------------------------------------------


Max Delay Paths
--------------------------------------------------------------------------------------
Slack:                    inf
  Source:                 A[1]
                            (input port)
  Destination:            X[0]
                            (output port)
  Path Group:             (none)
  Path Type:              Max at Slow Process Corner
  Data Path Delay:        8.109ns  (logic 4.007ns (49.414%)  route 4.102ns (50.586%))
  Logic Levels:           4  (IBUF=1 LUT4=1 LUT6=1 OBUF=1)

    Location             Delay type                Incr(ns)  Path(ns)    Netlist Resource(s)
  -------------------------------------------------------------------    -------------------
    V14                                               0.000     0.000 f  A[1] (IN)
                         net (fo=0)                   0.000     0.000    A[1]
    V14                  IBUF (Prop_ibuf_I_O)         0.931     0.931 f  A_IBUF[1]_inst/O
                         net (fo=1, routed)           1.435     2.366    A_IBUF[1]
    SLICE_X0Y4           LUT6 (Prop_lut6_I2_O)        0.124     2.490 r  X_OBUF[1]_inst_i_2/O
                         net (fo=2, routed)           0.790     3.280    X_OBUF[1]_inst_i_2_n_0
    SLICE_X0Y8           LUT4 (Prop_lut4_I0_O)        0.150     3.430 r  X_OBUF[0]_inst_i_1/O
                         net (fo=2, routed)           1.877     5.307    Y_OBUF[1]
    U17                  OBUF (Prop_obuf_I_O)         2.802     8.109 r  X_OBUF[0]_inst/O
                         net (fo=0)                   0.000     8.109    X[0]
    U17                                                               r  X[0] (OUT)
  -------------------------------------------------------------------    -------------------

Slack:                    inf
  Source:                 A[1]
                            (input port)
  Destination:            Y[1]
                            (output port)
  Path Group:             (none)
  Path Type:              Max at Slow Process Corner
  Data Path Delay:        7.976ns  (logic 4.008ns (50.247%)  route 3.968ns (49.753%))
  Logic Levels:           4  (IBUF=1 LUT4=1 LUT6=1 OBUF=1)

    Location             Delay type                Incr(ns)  Path(ns)    Netlist Resource(s)
  -------------------------------------------------------------------    -------------------
    V14                                               0.000     0.000 f  A[1] (IN)
                         net (fo=0)                   0.000     0.000    A[1]
    V14                  IBUF (Prop_ibuf_I_O)         0.931     0.931 f  A_IBUF[1]_inst/O
                         net (fo=1, routed)           1.435     2.366    A_IBUF[1]
    SLICE_X0Y4           LUT6 (Prop_lut6_I2_O)        0.124     2.490 r  X_OBUF[1]_inst_i_2/O
                         net (fo=2, routed)           0.790     3.280    X_OBUF[1]_inst_i_2_n_0
    SLICE_X0Y8           LUT4 (Prop_lut4_I0_O)        0.150     3.430 r  X_OBUF[0]_inst_i_1/O
                         net (fo=2, routed)           1.743     5.173    Y_OBUF[1]
    V17                  OBUF (Prop_obuf_I_O)         2.803     7.976 r  Y_OBUF[1]_inst/O
                         net (fo=0)                   0.000     7.976    Y[1]
    V17                                                               r  Y[1] (OUT)
  -------------------------------------------------------------------    -------------------

Slack:                    inf
  Source:                 A[1]
                            (input port)
  Destination:            X[1]
                            (output port)
  Path Group:             (none)
  Path Type:              Max at Slow Process Corner
  Data Path Delay:        7.869ns  (logic 3.780ns (48.045%)  route 4.088ns (51.955%))
  Logic Levels:           4  (IBUF=1 LUT4=1 LUT6=1 OBUF=1)

    Location             Delay type                Incr(ns)  Path(ns)    Netlist Resource(s)
  -------------------------------------------------------------------    -------------------
    V14                                               0.000     0.000 f  A[1] (IN)
                         net (fo=0)                   0.000     0.000    A[1]
    V14                  IBUF (Prop_ibuf_I_O)         0.931     0.931 f  A_IBUF[1]_inst/O
                         net (fo=1, routed)           1.435     2.366    A_IBUF[1]
    SLICE_X0Y4           LUT6 (Prop_lut6_I2_O)        0.124     2.490 r  X_OBUF[1]_inst_i_2/O
                         net (fo=2, routed)           0.790     3.280    X_OBUF[1]_inst_i_2_n_0
    SLICE_X0Y8           LUT4 (Prop_lut4_I0_O)        0.124     3.404 r  X_OBUF[1]_inst_i_1/O
                         net (fo=1, routed)           1.863     5.267    X_OBUF[1]
    T18                  OBUF (Prop_obuf_I_O)         2.602     7.869 r  X_OBUF[1]_inst/O
                         net (fo=0)                   0.000     7.869    X[1]
    T18                                                               r  X[1] (OUT)
  -------------------------------------------------------------------    -------------------





Min Delay Paths
--------------------------------------------------------------------------------------
Slack:                    inf
  Source:                 A[3]
                            (input port)
  Destination:            X[1]
                            (output port)
  Path Group:             (none)
  Path Type:              Min at Fast Process Corner
  Data Path Delay:        2.141ns  (logic 1.328ns (62.029%)  route 0.813ns (37.971%))
  Logic Levels:           3  (IBUF=1 LUT4=1 OBUF=1)

    Location             Delay type                Incr(ns)  Path(ns)    Netlist Resource(s)
  -------------------------------------------------------------------    -------------------
    U16                                               0.000     0.000 f  A[3] (IN)
                         net (fo=0)                   0.000     0.000    A[3]
    U16                  IBUF (Prop_ibuf_I_O)         0.164     0.164 f  A_IBUF[3]_inst/O
                         net (fo=2, routed)           0.412     0.576    A_IBUF[3]
    SLICE_X0Y8           LUT4 (Prop_lut4_I1_O)        0.045     0.621 r  X_OBUF[1]_inst_i_1/O
                         net (fo=1, routed)           0.401     1.022    X_OBUF[1]
    T18                  OBUF (Prop_obuf_I_O)         1.119     2.141 r  X_OBUF[1]_inst/O
                         net (fo=0)                   0.000     2.141    X[1]
    T18                                                               r  X[1] (OUT)
  -------------------------------------------------------------------    -------------------

Slack:                    inf
  Source:                 A[3]
                            (input port)
  Destination:            Y[1]
                            (output port)
  Path Group:             (none)
  Path Type:              Min at Fast Process Corner
  Data Path Delay:        2.178ns  (logic 1.392ns (63.917%)  route 0.786ns (36.083%))
  Logic Levels:           3  (IBUF=1 LUT4=1 OBUF=1)

    Location             Delay type                Incr(ns)  Path(ns)    Netlist Resource(s)
  -------------------------------------------------------------------    -------------------
    U16                                               0.000     0.000 f  A[3] (IN)
                         net (fo=0)                   0.000     0.000    A[3]
    U16                  IBUF (Prop_ibuf_I_O)         0.164     0.164 f  A_IBUF[3]_inst/O
                         net (fo=2, routed)           0.412     0.576    A_IBUF[3]
    SLICE_X0Y8           LUT4 (Prop_lut4_I1_O)        0.048     0.624 r  X_OBUF[0]_inst_i_1/O
                         net (fo=2, routed)           0.374     0.998    Y_OBUF[1]
    V17                  OBUF (Prop_obuf_I_O)         1.180     2.178 r  Y_OBUF[1]_inst/O
                         net (fo=0)                   0.000     2.178    Y[1]
    V17                                                               r  Y[1] (OUT)
  -------------------------------------------------------------------    -------------------

Slack:                    inf
  Source:                 A[3]
                            (input port)
  Destination:            X[0]
                            (output port)
  Path Group:             (none)
  Path Type:              Min at Fast Process Corner
  Data Path Delay:        2.238ns  (logic 1.391ns (62.167%)  route 0.847ns (37.833%))
  Logic Levels:           3  (IBUF=1 LUT4=1 OBUF=1)

    Location             Delay type                Incr(ns)  Path(ns)    Netlist Resource(s)
  -------------------------------------------------------------------    -------------------
    U16                                               0.000     0.000 f  A[3] (IN)
                         net (fo=0)                   0.000     0.000    A[3]
    U16                  IBUF (Prop_ibuf_I_O)         0.164     0.164 f  A_IBUF[3]_inst/O
                         net (fo=2, routed)           0.412     0.576    A_IBUF[3]
    SLICE_X0Y8           LUT4 (Prop_lut4_I1_O)        0.048     0.624 r  X_OBUF[0]_inst_i_1/O
                         net (fo=2, routed)           0.435     1.059    Y_OBUF[1]
    U17                  OBUF (Prop_obuf_I_O)         1.179     2.238 r  X_OBUF[0]_inst/O
                         net (fo=0)                   0.000     2.238    X[0]
    U17                                                               r  X[0] (OUT)
  -------------------------------------------------------------------    -------------------





