Copyright 1986-2022 Xilinx, Inc. All Rights Reserved.
------------------------------------------------------------------------------------------
| Tool Version : Vivado v.2022.2 (win64) Build 3671981 Fri Oct 14 05:00:03 MDT 2022
| Date         : Thu Dec  7 19:02:11 2023
| Host         : Roys_MacBook running 64-bit major release  (build 9200)
| Command      : report_control_sets -verbose -file OTTER_Wrapper_control_sets_placed.rpt
| Design       : OTTER_Wrapper
| Device       : xc7a35ti
------------------------------------------------------------------------------------------

Control Set Information

Table of Contents
-----------------
1. Summary
2. Histogram
3. Flip-Flop Distribution
4. Detailed Control Set Information

1. Summary
----------

+----------------------------------------------------------+-------+
|                          Status                          | Count |
+----------------------------------------------------------+-------+
| Total control sets                                       |    11 |
|    Minimum number of control sets                        |    11 |
|    Addition due to synthesis replication                 |     0 |
|    Addition due to physical synthesis replication        |     0 |
| Unused register locations in slices containing registers |    24 |
+----------------------------------------------------------+-------+
* Control sets can be merged at opt_design using control_set_merge or merge_equivalent_drivers
** Run report_qor_suggestions for automated merging and remapping suggestions


2. Histogram
------------

+--------------------+-------+
|       Fanout       | Count |
+--------------------+-------+
| Total control sets |    11 |
| >= 0 to < 4        |     1 |
| >= 4 to < 6        |     3 |
| >= 6 to < 8        |     1 |
| >= 8 to < 10       |     1 |
| >= 10 to < 12      |     1 |
| >= 12 to < 14      |     0 |
| >= 14 to < 16      |     0 |
| >= 16              |     4 |
+--------------------+-------+
* Control sets can be remapped at either synth_design or opt_design


3. Flip-Flop Distribution
-------------------------

+--------------+-----------------------+------------------------+-----------------+--------------+
| Clock Enable | Synchronous Set/Reset | Asynchronous Set/Reset | Total Registers | Total Slices |
+--------------+-----------------------+------------------------+-----------------+--------------+
| No           | No                    | No                     |               8 |            5 |
| No           | No                    | Yes                    |               0 |            0 |
| No           | Yes                   | No                     |               0 |            0 |
| Yes          | No                    | No                     |              69 |           28 |
| Yes          | No                    | Yes                    |               0 |            0 |
| Yes          | Yes                   | No                     |              43 |           20 |
+--------------+-----------------------+------------------------+-----------------+--------------+


4. Detailed Control Set Information
-----------------------------------

+----------------+-----------------------------------------------------------+--------------------------------------------------+------------------+----------------+--------------+
|  Clock Signal  |                       Enable Signal                       |                 Set/Reset Signal                 | Slice Load Count | Bel Load Count | Bels / Slice |
+----------------+-----------------------------------------------------------+--------------------------------------------------+------------------+----------------+--------------+
|  clk_IBUF_BUFG |                                                           |                                                  |                1 |              1 |         1.00 |
|  s_clk_BUFG    | my_otter/my_CU_FSM/memRDEN1                               |                                                  |                1 |              4 |         4.00 |
|  s_clk_BUFG    | my_otter/my_PC/otter_memory/FSM_sequential_PS_reg[1][0]   |                                                  |                1 |              4 |         4.00 |
|  s_clk_BUFG    | my_otter/my_CU_FSM/E[0]                                   |                                                  |                2 |              5 |         2.50 |
|  s_clk_BUFG    |                                                           |                                                  |                4 |              7 |         1.75 |
|  s_clk_BUFG    | my_otter/my_PC/otter_memory/FSM_sequential_PS_reg[1]_0[0] |                                                  |                3 |              8 |         2.67 |
|  s_clk_BUFG    | my_otter/my_CU_FSM/E[0]                                   | my_otter/my_PC/otter_memory/ioBuffer[15]_i_1_n_0 |                8 |             11 |         1.38 |
|  s_clk_BUFG    | my_otter/my_PC/otter_memory/FSM_sequential_PS_reg[1]_1[0] |                                                  |               10 |             16 |         1.60 |
|  s_clk_BUFG    | my_otter/my_PC/otter_memory/FSM_sequential_PS_reg[1]_2[0] | buttons_IBUF[3]                                  |               12 |             32 |         2.67 |
|  s_clk_BUFG    | reg_file_reg_r1_0_31_0_5_i_117_n_0                        |                                                  |               11 |             32 |         2.91 |
|  s_clk_BUFG    | my_otter/my_PC/otter_memory/p_0_in__0                     |                                                  |               11 |             88 |         8.00 |
+----------------+-----------------------------------------------------------+--------------------------------------------------+------------------+----------------+--------------+


